// 重构日志: 99c98055
// 重构日志: 49838d11
// 重构日志: 9c1a12ad
// 同步 ID: 35e6a4f7 @ Thu Jul  2 02:22:57 UTC 2026
// 同步 ID: 1f8d7b00 @ Thu Jul  2 13:10:40 UTC 2026
// 同步 ID: 9b9aaabe @ Sat Jul  4 11:08:00 UTC 2026
// 重构日志: 5d082def
// 同步 ID: 72ec6f8c @ Sun Jul  5 11:33:07 UTC 2026
// 同步 ID: e47872de @ Sun Jul  5 15:07:24 UTC 2026
// 同步 ID: 4f7d49a3 @ Mon Jul  6 18:43:08 UTC 2026
// 重构日志: 2db9b9df
// 重构日志: 2dbe451d
// 重构日志: b131f239
// 同步 ID: a5700946 @ Thu Jul  9 17:11:25 UTC 2026
// 重构日志: 6bae428c
// 重构日志: bd138ee8
// 重构日志: 68c4d233
// 同步 ID: 45404775 @ Sat Jul 11 07:31:08 UTC 2026
// 重构日志: 9abe2f2e
// 重构日志: f0a8dc4b
// 同步 ID: a3c471f3 @ Sat Jul 11 16:04:40 UTC 2026
// 重构日志: 62c0203f
// 同步 ID: 08549bce @ Sun Jul 12 11:02:35 UTC 2026
// 重构日志: e61fada2
// 重构日志: d69fa813
// 同步 ID: 62159f19 @ Sun Jul 12 18:27:15 UTC 2026
// 重构日志: f5dcd6e5
// 重构日志: a520002b
// 重构日志: a546f7d7
// 同步 ID: 46cd3477 @ Tue Jul 14 06:36:50 UTC 2026
// 重构日志: 599dcddd
